Started at [2017/04/04 23:19]
Config file is /Users/radekzemanek/Documents/www/localhost/taskz/beta.ini

Deploying beta
Live mode
Deleting disabled
Connecting to server
Loaded remote .deployment file
Scanning files in /Users/radekzemanek/Documents/www/localhost/taskz
Ignoring ./.DS_Store                    
Ignoring ./.git                         
Ignoring ./.gitignore                   
Ignoring ./bower_components             
Ignoring ./composer.json                
Ignoring ./composer.lock                
Ignoring ./composer.phar                
Ignoring ./deploy.php                   
Ignoring ./ftp-deployment/.github       
Ignoring ./ftp-deployment/.gitignore    
Ignoring ./ftp-deployment/composer.json 
Ignoring ./ftp-deployment/composer.lock 
Ignoring ./ftp-deployment/vendor/composer
Ignoring ./ftp-deployment/vendor/nette/tester/composer.json
Ignoring ./hosts                        
Ignoring ./log                          
Ignoring ./node_modules                 
Ignoring ./sass                         
Ignoring ./temp/btfj.dat                
Ignoring ./temp/cache                   
Ignoring ./vendor/.DS_Store             
Ignoring ./vendor/Buttons-master/showcase/js/zeroclipboard/.gitignore
Ignoring ./vendor/Buttons-master/showcase/js/zeroclipboard/composer.json
Ignoring ./vendor/Buttons-master/showcase/js/zeroclipboard/src/meta/composer.json.tmpl
Ignoring ./vendor/composer              
Ignoring ./vendor/nette/application/composer.json
Ignoring ./vendor/nette/caching/composer.json
Ignoring ./vendor/nette/component-model/composer.json
Ignoring ./vendor/nette/di/composer.json
Ignoring ./vendor/nette/finder/composer.json
Ignoring ./vendor/nette/http/composer.json
Ignoring ./vendor/nette/neon/composer.json
Ignoring ./vendor/nette/php-generator/composer.json
Ignoring ./vendor/nette/reflection/composer.json
Ignoring ./vendor/nette/security/composer.json
Ignoring ./vendor/nette/utils/composer.json
Ignoring ./vendor/sliptree-bootstrap-tokenfield/.DS_Store
Ignoring ./vendor/sliptree-bootstrap-tokenfield/.gitignore
Ignoring ./vendor/tracy/tracy/composer.json
Ignoring ./vendor/twbs/.DS_Store        
Ignoring ./vendor/twbs/bootstrap/.DS_Store
Ignoring ./vendor/twbs/bootstrap/.gitignore
Ignoring ./vendor/twbs/bootstrap/assets/.DS_Store
Ignoring ./vendor/twbs/bootstrap/assets/stylesheets/.DS_Store
Ignoring ./vendor/twbs/bootstrap/composer.json
Ignoring ./vendor/zemistr/l10n/.gitignore
Ignoring ./vendor/zemistr/l10n/composer.json
Ignoring ./vendor/zemistr/l10n-nette-translator/.gitignore
Ignoring ./vendor/zemistr/l10n-nette-translator/composer.json
Ignoring ./www/.DS_Store                
Ignoring ./www/.htaccess                
Ignoring ./www/img/.DS_Store            
Ignoring ./www/img/css/.DS_Store        
Ignoring ./www/img/css/.sass-cache      
Ignoring ./www/img/fonts/.DS_Store      
Ignoring ./www/img/fonts/set/.DS_Store  
Creating remote file .deployment.running

Uploading:
(1 of 8) /app/locale/_cs
(2 of 8) /app/model/Helper.php
(3 of 8) /app/model/Task.php
(4 of 8) /app/templates/controls/taskList.latte
(5 of 8) /beta.log
(6 of 8) /www/img/css/components/t_tasks.scss
(7 of 8) /www/img/css/index.css
(8 of 8) /.deployment

Renaming:
(1 of 8) Renaming /app/locale/_cs
(2 of 8) Renaming /app/model/Helper.php
(3 of 8) Renaming /app/model/Task.php
(4 of 8) Renaming /app/templates/controls/taskList.latte
(5 of 8) Renaming /beta.log
(6 of 8) Renaming /www/img/css/components/t_tasks.scss
(7 of 8) Renaming /www/img/css/index.css
(8 of 8) Renaming /.deployment

Cleaning temp/cache

Deleting remote file .deployment.running

Finished at [2017/04/04 23:19] (in 9 seconds)
